<?xml version="1.0" encoding="UTF-8"?>
<!-- Generated by org.testng.reporters.JUnitXMLReporter -->
<testsuite ignored="0" hostname="Rajhans" failures="0" tests="5" name="Surefire test" time="6.996" errors="0" timestamp="2025-03-21T10:14:08 IST">
  <testcase classname="com.spotify2.test.PlaylistTest" name="shouldBeAbletoCreateAPlaylist" time="5.37"/>
  <testcase classname="com.spotify2.test.PlaylistTest" name="shouldBeAbletoGetAPlaylist" time="0.44"/>
  <testcase classname="com.spotify2.test.PlaylistTest" name="shouldBeAbletoUpdateAPlaylist" time="0.455"/>
  <testcase classname="com.spotify2.test.PlaylistTest" name="shouldNotBeAbletoCreateAPlaylist" time="0.277"/>
  <testcase classname="com.spotify2.test.PlaylistTest" name="shouldNotBeAbletoCreateAPlaylistwithExpiredToken" time="0.259"/>
</testsuite> <!-- Surefire test -->
