<?xml version="1.0" encoding="UTF-8"?>
<!-- Generated by org.testng.reporters.JUnitXMLReporter -->
<testsuite ignored="0" hostname="Rajhans" failures="0" tests="5" name="Surefire test" time="9.875" errors="0" timestamp="2025-03-20T11:17:05 IST">
  <testcase classname="com.spotify2.test.PlaylistTest" name="shouldBeAbletoCreateAPlaylist" time="6.831"/>
  <testcase classname="com.spotify2.test.PlaylistTest" name="shouldBeAbletoGetAPlaylist" time="0.649"/>
  <testcase classname="com.spotify2.test.PlaylistTest" name="shouldBeAbletoUpdateAPlaylist" time="0.841"/>
  <testcase classname="com.spotify2.test.PlaylistTest" name="shouldNotBeAbletoCreateAPlaylist" time="0.412"/>
  <testcase classname="com.spotify2.test.PlaylistTest" name="shouldNotBeAbletoCreateAPlaylistwithExpiredToken" time="0.715"/>
</testsuite> <!-- Surefire test -->
