<?xml version="1.0" encoding="UTF-8"?>
<testng-results ignored="0" total="5" passed="5" failed="0" skipped="0">
  <reporter-output>
  </reporter-output>
  <suite started-at="2025-03-18T22:46:10 IST" name="Surefire suite" finished-at="2025-03-18T22:46:23 IST" duration-ms="12469">
    <groups>
    </groups>
    <test started-at="2025-03-18T22:46:10 IST" name="Surefire test" finished-at="2025-03-18T22:46:23 IST" duration-ms="12469">
      <class name="com.spotify2.test.PlaylistTest">
        <test-method signature="shouldBeAbletoCreateAPlaylist()[pri:0, instance:com.spotify2.test.PlaylistTest@43effd89]" started-at="2025-03-18T22:46:11 IST" name="shouldBeAbletoCreateAPlaylist" description="Should be able to create a playlist" finished-at="2025-03-18T22:46:17 IST" duration-ms="6281" status="PASS">
          <reporter-output>
          </reporter-output>
        </test-method> <!-- shouldBeAbletoCreateAPlaylist -->
        <test-method signature="shouldBeAbletoGetAPlaylist()[pri:0, instance:com.spotify2.test.PlaylistTest@43effd89]" started-at="2025-03-18T22:46:17 IST" name="shouldBeAbletoGetAPlaylist" finished-at="2025-03-18T22:46:18 IST" duration-ms="1371" status="PASS">
          <reporter-output>
          </reporter-output>
        </test-method> <!-- shouldBeAbletoGetAPlaylist -->
        <test-method signature="shouldBeAbletoUpdateAPlaylist()[pri:0, instance:com.spotify2.test.PlaylistTest@43effd89]" started-at="2025-03-18T22:46:18 IST" name="shouldBeAbletoUpdateAPlaylist" finished-at="2025-03-18T22:46:19 IST" duration-ms="760" status="PASS">
          <reporter-output>
          </reporter-output>
        </test-method> <!-- shouldBeAbletoUpdateAPlaylist -->
        <test-method signature="shouldNotBeAbletoCreateAPlaylist()[pri:0, instance:com.spotify2.test.PlaylistTest@43effd89]" started-at="2025-03-18T22:46:19 IST" name="shouldNotBeAbletoCreateAPlaylist" finished-at="2025-03-18T22:46:20 IST" duration-ms="642" status="PASS">
          <reporter-output>
          </reporter-output>
        </test-method> <!-- shouldNotBeAbletoCreateAPlaylist -->
        <test-method signature="shouldNotBeAbletoCreateAPlaylistwithExpiredToken()[pri:0, instance:com.spotify2.test.PlaylistTest@43effd89]" started-at="2025-03-18T22:46:20 IST" name="shouldNotBeAbletoCreateAPlaylistwithExpiredToken" finished-at="2025-03-18T22:46:23 IST" duration-ms="3057" status="PASS">
          <reporter-output>
          </reporter-output>
        </test-method> <!-- shouldNotBeAbletoCreateAPlaylistwithExpiredToken -->
      </class> <!-- com.spotify2.test.PlaylistTest -->
    </test> <!-- Surefire test -->
  </suite> <!-- Surefire suite -->
</testng-results>
