<?xml version="1.0" encoding="UTF-8"?>
<testng-results ignored="0" total="5" passed="5" failed="0" skipped="0">
  <reporter-output>
  </reporter-output>
  <suite started-at="2025-03-21T10:14:01 IST" name="Surefire suite" finished-at="2025-03-21T10:14:08 IST" duration-ms="6996">
    <groups>
    </groups>
    <test started-at="2025-03-21T10:14:01 IST" name="Surefire test" finished-at="2025-03-21T10:14:08 IST" duration-ms="6996">
      <class name="com.spotify2.test.PlaylistTest">
        <test-method signature="shouldBeAbletoCreateAPlaylist()[pri:0, instance:com.spotify2.test.PlaylistTest@76911385]" started-at="2025-03-21T10:14:01 IST" name="shouldBeAbletoCreateAPlaylist" description="Should be able to create a playlist" finished-at="2025-03-21T10:14:06 IST" duration-ms="5370" status="PASS">
          <reporter-output>
          </reporter-output>
        </test-method> <!-- shouldBeAbletoCreateAPlaylist -->
        <test-method signature="shouldBeAbletoGetAPlaylist()[pri:0, instance:com.spotify2.test.PlaylistTest@76911385]" started-at="2025-03-21T10:14:07 IST" name="shouldBeAbletoGetAPlaylist" finished-at="2025-03-21T10:14:07 IST" duration-ms="440" status="PASS">
          <reporter-output>
          </reporter-output>
        </test-method> <!-- shouldBeAbletoGetAPlaylist -->
        <test-method signature="shouldBeAbletoUpdateAPlaylist()[pri:0, instance:com.spotify2.test.PlaylistTest@76911385]" started-at="2025-03-21T10:14:07 IST" name="shouldBeAbletoUpdateAPlaylist" finished-at="2025-03-21T10:14:07 IST" duration-ms="455" status="PASS">
          <reporter-output>
          </reporter-output>
        </test-method> <!-- shouldBeAbletoUpdateAPlaylist -->
        <test-method signature="shouldNotBeAbletoCreateAPlaylist()[pri:0, instance:com.spotify2.test.PlaylistTest@76911385]" started-at="2025-03-21T10:14:07 IST" name="shouldNotBeAbletoCreateAPlaylist" finished-at="2025-03-21T10:14:08 IST" duration-ms="277" status="PASS">
          <reporter-output>
          </reporter-output>
        </test-method> <!-- shouldNotBeAbletoCreateAPlaylist -->
        <test-method signature="shouldNotBeAbletoCreateAPlaylistwithExpiredToken()[pri:0, instance:com.spotify2.test.PlaylistTest@76911385]" started-at="2025-03-21T10:14:08 IST" name="shouldNotBeAbletoCreateAPlaylistwithExpiredToken" finished-at="2025-03-21T10:14:08 IST" duration-ms="259" status="PASS">
          <reporter-output>
          </reporter-output>
        </test-method> <!-- shouldNotBeAbletoCreateAPlaylistwithExpiredToken -->
      </class> <!-- com.spotify2.test.PlaylistTest -->
    </test> <!-- Surefire test -->
  </suite> <!-- Surefire suite -->
</testng-results>
