<?xml version="1.0" encoding="UTF-8"?>
<testsuite xmlns:xsi="http://www.w3.org/2001/XMLSchema-instance" xsi:noNamespaceSchemaLocation="https://maven.apache.org/surefire/maven-surefire-plugin/xsd/surefire-test-report.xsd" version="3.0.2" name="com.spotify2.test.PlaylistTest" time="11.759" tests="5" errors="0" skipped="0" failures="0">
  <properties>
[...]
</properties>
  <testcase name="shouldBeAbletoCreateAPlaylist" classname="com.spotify2.test.PlaylistTest" time="7.069">
    <system-out><![CDATA[Renewing Token..............
Request method:	POST
Request URI:	https://accounts.spotify.com/api/token
Proxy:			<none>
Request params:	<none>
Query params:	<none>
Form params:	refresh_token=AQAOQuK4rntlw3QWFf72gURkkcS1cq41xvQhz9tNLafRR0M3frt9atyOidtsTsW-_HfUnGJWTHKcV_ZFn6EmarMq6I1keI2AWQxhwbiTJPzE3MAS7Wu2UduYyOXI1k3pSnk
				grant_type=refresh_token
				client_secret=e0e9a79238934ed48b3c9d19c66852d5
				client_id=0ac8924172dd43e1bb707692c3ff96cc
Path params:	<none>
Headers:		Accept=*/*
				Content-Type=application/x-www-form-urlencoded; charset=ISO-8859-1
Cookies:		<none>
Multiparts:		<none>
Body:			<none>
HTTP/1.1 200 OK
date: Thu, 20 Mar 2025 05:46:59 GMT
content-type: application/json
vary: Accept-Encoding
x-request-id: 0dc43643-d1ea-407e-b2ef-4a5faebfb247
set-cookie: __Host-device_id=AQAGOMgesAjBYljZG3aQpWcESq_bIfYXf3ykad1XCV_aCOqhn5jzK91h89REwIE6XQ_gDVW-Qtl3aP-MZR5UBaOjT5ETLtlvJuQ;Version=1;Path=/;Max-Age=2147483647;Secure;HttpOnly;SameSite=Lax
set-cookie: sp_tr=false;Version=1;Domain=accounts.spotify.com;Path=/;Secure;SameSite=Lax
sp-trace-id: 70fb6a189deb269c
content-encoding: gzip
x-envoy-upstream-service-time: 43
server: envoy
strict-transport-security: max-age=31536000
x-content-type-options: nosniff
Via: HTTP/2 edgeproxy, 1.1 google
Alt-Svc: h3=":443"; ma=2592000,h3-29=":443"; ma=2592000
Transfer-Encoding: chunked

{
    "access_token": "BQAc_wkDv7QxRVLf4W87ysdQC46gIb1K1Z3RAslz3slCm5JTEIuVI5zs_NYTPmYdDmVMTfrc2yjdO8I60HHbmI6gVIxRifAej4Y7n7MIrDQFss2ZFbbqF01wfy1uWEvgqWUttiUhQzjm0leEFClB0PEj6P5q8a1m4RMCnhpP9i147J5NzdKnsfpdQ4oYkvZQuxys46d3TdIjh4-iTbaqC1q-Sc_8mgMB6LcFvA9piXmdG8_GkTlvAgE_gUmqvw77HW2nVAfHLwHnwxuDUE_7vMVOjwSl_CJ1HpCbbFyNLQRmD0l7",
    "token_type": "Bearer",
    "expires_in": 3600,
    "scope": "playlist-read-private playlist-read-collaborative playlist-modify-private playlist-modify-public"
}
Request method:	POST
Request URI:	https://api.spotify.com/v1/users/31zy4x3sktopajcaffdfppza3dqq/playlists
Proxy:			<none>
Request params:	<none>
Query params:	<none>
Form params:	<none>
Path params:	<none>
Headers:		Authorization=Bearer BQAc_wkDv7QxRVLf4W87ysdQC46gIb1K1Z3RAslz3slCm5JTEIuVI5zs_NYTPmYdDmVMTfrc2yjdO8I60HHbmI6gVIxRifAej4Y7n7MIrDQFss2ZFbbqF01wfy1uWEvgqWUttiUhQzjm0leEFClB0PEj6P5q8a1m4RMCnhpP9i147J5NzdKnsfpdQ4oYkvZQuxys46d3TdIjh4-iTbaqC1q-Sc_8mgMB6LcFvA9piXmdG8_GkTlvAgE_gUmqvw77HW2nVAfHLwHnwxuDUE_7vMVOjwSl_CJ1HpCbbFyNLQRmD0l7
				Accept=*/*
				Content-Type=application/json
Cookies:		<none>
Multiparts:		<none>
Body:
{
    "description": "bhojpuri song collection",
    "name": "My New Playlist",
    "public": false
}
HTTP/1.1 201 Created
content-type: application/json; charset=utf-8
cache-control: private, max-age=0
x-robots-tag: noindex, nofollow
access-control-allow-origin: *
access-control-allow-headers: Accept, App-Platform, Authorization, Content-Type, Origin, Retry-After, Spotify-App-Version, X-Cloud-Trace-Context, client-token, content-access-token
access-control-allow-methods: GET, POST, OPTIONS, PUT, DELETE, PATCH
access-control-allow-credentials: true
access-control-max-age: 604800
content-encoding: gzip
strict-transport-security: max-age=31536000
x-content-type-options: nosniff
date: Thu, 20 Mar 2025 05:47:01 GMT
server: envoy
Via: HTTP/2 edgeproxy, 1.1 google
Alt-Svc: h3=":443"; ma=2592000,h3-29=":443"; ma=2592000
Transfer-Encoding: chunked

{
    "collaborative": false,
    "description": "bhojpuri song collection",
    "external_urls": {
        "spotify": "https://open.spotify.com/playlist/1J9ATk6bBFUGrB0KBM8gDu"
    },
    "followers": {
        "href": null,
        "total": 0
    },
    "href": "https://api.spotify.com/v1/playlists/1J9ATk6bBFUGrB0KBM8gDu",
    "id": "1J9ATk6bBFUGrB0KBM8gDu",
    "images": [
        
    ],
    "primary_color": null,
    "name": "My New Playlist",
    "type": "playlist",
    "uri": "spotify:playlist:1J9ATk6bBFUGrB0KBM8gDu",
    "owner": {
        "href": "https://api.spotify.com/v1/users/31zy4x3sktopajcaffdfppza3dqq",
        "id": "31zy4x3sktopajcaffdfppza3dqq",
        "type": "user",
        "uri": "spotify:user:31zy4x3sktopajcaffdfppza3dqq",
        "display_name": null,
        "external_urls": {
            "spotify": "https://open.spotify.com/user/31zy4x3sktopajcaffdfppza3dqq"
        }
    },
    "public": false,
    "snapshot_id": "AAAAQUP5lLT67Wp/WSOruLiSb4dr3LuV",
    "tracks": {
        "limit": 100,
        "next": null,
        "offset": 0,
        "previous": null,
        "href": "https://api.spotify.com/v1/playlists/1J9ATk6bBFUGrB0KBM8gDu/tracks",
        "total": 0,
        "items": [
            
        ]
    }
}
]]></system-out>
    <system-err><![CDATA[SLF4J(W): No SLF4J providers were found.
SLF4J(W): Defaulting to no-operation (NOP) logger implementation
SLF4J(W): See https://www.slf4j.org/codes.html#noProviders for further details.
]]></system-err>
  </testcase>
  <testcase name="shouldBeAbletoGetAPlaylist" classname="com.spotify2.test.PlaylistTest" time="0.671">
    <system-out><![CDATA[===========>>>Token is good to use
Request method:	GET
Request URI:	https://api.spotify.com/v1/playlists/28jAHBHOLa7pOBNMOkuuOj
Proxy:			<none>
Request params:	<none>
Query params:	<none>
Form params:	<none>
Path params:	<none>
Headers:		Authorization=Bearer BQAc_wkDv7QxRVLf4W87ysdQC46gIb1K1Z3RAslz3slCm5JTEIuVI5zs_NYTPmYdDmVMTfrc2yjdO8I60HHbmI6gVIxRifAej4Y7n7MIrDQFss2ZFbbqF01wfy1uWEvgqWUttiUhQzjm0leEFClB0PEj6P5q8a1m4RMCnhpP9i147J5NzdKnsfpdQ4oYkvZQuxys46d3TdIjh4-iTbaqC1q-Sc_8mgMB6LcFvA9piXmdG8_GkTlvAgE_gUmqvw77HW2nVAfHLwHnwxuDUE_7vMVOjwSl_CJ1HpCbbFyNLQRmD0l7
				Accept=*/*
				Content-Type=application/json
Cookies:		<none>
Multiparts:		<none>
Body:			<none>
HTTP/1.1 200 OK
content-type: application/json; charset=utf-8
cache-control: public, max-age=0
etag: "MC-IjM4MWFhZWMzMjc1MzE1ZmMzMjc5NGM0MzRiZjA1MzFhIg=="
x-robots-tag: noindex, nofollow
access-control-allow-origin: *
access-control-allow-headers: Accept, App-Platform, Authorization, Content-Type, Origin, Retry-After, Spotify-App-Version, X-Cloud-Trace-Context, client-token, content-access-token
access-control-allow-methods: GET, POST, OPTIONS, PUT, DELETE, PATCH
access-control-allow-credentials: true
access-control-max-age: 604800
content-encoding: gzip
strict-transport-security: max-age=31536000
x-content-type-options: nosniff
date: Thu, 20 Mar 2025 05:47:03 GMT
server: envoy
Via: HTTP/2 edgeproxy, 1.1 google
Alt-Svc: h3=":443"; ma=2592000,h3-29=":443"; ma=2592000
Transfer-Encoding: chunked

{
    "collaborative": false,
    "description": "Updated playlist description kumar sanu",
    "external_urls": {
        "spotify": "https://open.spotify.com/playlist/28jAHBHOLa7pOBNMOkuuOj"
    },
    "followers": {
        "href": null,
        "total": 0
    },
    "href": "https://api.spotify.com/v1/playlists/28jAHBHOLa7pOBNMOkuuOj",
    "id": "28jAHBHOLa7pOBNMOkuuOj",
    "images": null,
    "name": "Updated Playlist Name- kumar sanu",
    "owner": {
        "display_name": "Raju",
        "external_urls": {
            "spotify": "https://open.spotify.com/user/31zy4x3sktopajcaffdfppza3dqq"
        },
        "href": "https://api.spotify.com/v1/users/31zy4x3sktopajcaffdfppza3dqq",
        "id": "31zy4x3sktopajcaffdfppza3dqq",
        "type": "user",
        "uri": "spotify:user:31zy4x3sktopajcaffdfppza3dqq"
    },
    "primary_color": null,
    "public": true,
    "snapshot_id": "AAAAAnZ0SbfREfqRkU0vEaRGzZSwZpLu",
    "tracks": {
        "href": "https://api.spotify.com/v1/playlists/28jAHBHOLa7pOBNMOkuuOj/tracks?offset=0&limit=0",
        "items": [
            
        ],
        "limit": 0,
        "next": null,
        "offset": 0,
        "previous": null,
        "total": 0
    },
    "type": "playlist",
    "uri": "spotify:playlist:28jAHBHOLa7pOBNMOkuuOj"
}
]]></system-out>
  </testcase>
  <testcase name="shouldBeAbletoUpdateAPlaylist" classname="com.spotify2.test.PlaylistTest" time="0.851">
    <system-out><![CDATA[===========>>>Token is good to use
Request method:	PUT
Request URI:	https://api.spotify.com/v1/playlists/7qklEIaair760Fpq86m7hU
Proxy:			<none>
Request params:	<none>
Query params:	<none>
Form params:	<none>
Path params:	<none>
Headers:		Authorization=Bearer BQAc_wkDv7QxRVLf4W87ysdQC46gIb1K1Z3RAslz3slCm5JTEIuVI5zs_NYTPmYdDmVMTfrc2yjdO8I60HHbmI6gVIxRifAej4Y7n7MIrDQFss2ZFbbqF01wfy1uWEvgqWUttiUhQzjm0leEFClB0PEj6P5q8a1m4RMCnhpP9i147J5NzdKnsfpdQ4oYkvZQuxys46d3TdIjh4-iTbaqC1q-Sc_8mgMB6LcFvA9piXmdG8_GkTlvAgE_gUmqvw77HW2nVAfHLwHnwxuDUE_7vMVOjwSl_CJ1HpCbbFyNLQRmD0l7
				Accept=*/*
				Content-Type=application/json
Cookies:		<none>
Multiparts:		<none>
Body:
{
    "description": "bhojpuri song collection",
    "name": "My New Playlist Bhojpuri",
    "public": false
}
HTTP/1.1 200 OK
cache-control: private, max-age=0
x-robots-tag: noindex, nofollow
access-control-allow-origin: *
access-control-allow-headers: Accept, App-Platform, Authorization, Content-Type, Origin, Retry-After, Spotify-App-Version, X-Cloud-Trace-Context, client-token, content-access-token
access-control-allow-methods: GET, POST, OPTIONS, PUT, DELETE, PATCH
access-control-allow-credentials: true
access-control-max-age: 604800
Content-Length: 0
strict-transport-security: max-age=31536000
x-content-type-options: nosniff
date: Thu, 20 Mar 2025 05:47:03 GMT
server: envoy
Via: HTTP/2 edgeproxy, 1.1 google
Alt-Svc: h3=":443"; ma=2592000,h3-29=":443"; ma=2592000
]]></system-out>
  </testcase>
  <testcase name="shouldNotBeAbletoCreateAPlaylist" classname="com.spotify2.test.PlaylistTest" time="0.421">
    <system-out><![CDATA[===========>>>Token is good to use
Request method:	POST
Request URI:	https://api.spotify.com/v1/users/31zy4x3sktopajcaffdfppza3dqq/playlists
Proxy:			<none>
Request params:	<none>
Query params:	<none>
Form params:	<none>
Path params:	<none>
Headers:		Authorization=Bearer BQAc_wkDv7QxRVLf4W87ysdQC46gIb1K1Z3RAslz3slCm5JTEIuVI5zs_NYTPmYdDmVMTfrc2yjdO8I60HHbmI6gVIxRifAej4Y7n7MIrDQFss2ZFbbqF01wfy1uWEvgqWUttiUhQzjm0leEFClB0PEj6P5q8a1m4RMCnhpP9i147J5NzdKnsfpdQ4oYkvZQuxys46d3TdIjh4-iTbaqC1q-Sc_8mgMB6LcFvA9piXmdG8_GkTlvAgE_gUmqvw77HW2nVAfHLwHnwxuDUE_7vMVOjwSl_CJ1HpCbbFyNLQRmD0l7
				Accept=*/*
				Content-Type=application/json
Cookies:		<none>
Multiparts:		<none>
Body:
{
    "description": "bhojpuri song collection",
    "name": "",
    "public": false
}
HTTP/1.1 400 Bad Request
content-type: application/json; charset=utf-8
cache-control: private, max-age=0
access-control-allow-origin: *
access-control-allow-headers: Accept, App-Platform, Authorization, Content-Type, Origin, Retry-After, Spotify-App-Version, X-Cloud-Trace-Context, client-token, content-access-token
access-control-allow-methods: GET, POST, OPTIONS, PUT, DELETE, PATCH
access-control-allow-credentials: true
access-control-max-age: 604800
content-encoding: gzip
strict-transport-security: max-age=31536000
x-content-type-options: nosniff
date: Thu, 20 Mar 2025 05:47:04 GMT
server: envoy
Via: HTTP/2 edgeproxy, 1.1 google
Alt-Svc: h3=":443"; ma=2592000,h3-29=":443"; ma=2592000
Transfer-Encoding: chunked

{
    "error": {
        "status": 400,
        "message": "Missing required field: name"
    }
}
]]></system-out>
  </testcase>
  <testcase name="shouldNotBeAbletoCreateAPlaylistwithExpiredToken" classname="com.spotify2.test.PlaylistTest" time="0.719">
    <system-out><![CDATA[Request method:	POST
Request URI:	https://api.spotify.com/v1/users/31zy4x3sktopajcaffdfppza3dqq/playlists
Proxy:			<none>
Request params:	<none>
Query params:	<none>
Form params:	<none>
Path params:	<none>
Headers:		Authorization=Bearer 12345
				Accept=*/*
				Content-Type=application/json
Cookies:		<none>
Multiparts:		<none>
Body:
{
    "description": "bhojpuri song collection",
    "name": "My New Playlist",
    "public": false
}
HTTP/1.1 401 Unauthorized
www-authenticate: Bearer realm="spotify", error="invalid_token", error_description="Invalid access token"
access-control-allow-origin: *
access-control-allow-headers: Accept, App-Platform, Authorization, Content-Type, Origin, Retry-After, Spotify-App-Version, X-Cloud-Trace-Context, client-token, content-access-token
access-control-allow-methods: GET, POST, OPTIONS, PUT, DELETE, PATCH
access-control-allow-credentials: true
access-control-max-age: 604800
content-type: application/json
content-encoding: gzip
strict-transport-security: max-age=31536000
x-content-type-options: nosniff
date: Thu, 20 Mar 2025 05:47:04 GMT
server: envoy
Via: HTTP/2 edgeproxy, 1.1 google
Alt-Svc: h3=":443"; ma=2592000,h3-29=":443"; ma=2592000
Transfer-Encoding: chunked

{
    "error": {
        "status": 401,
        "message": "Invalid access token"
    }
}
]]></system-out>
  </testcase>
</testsuite>