<?xml version="1.0" encoding="UTF-8"?>
<testng-results ignored="0" total="5" passed="5" failed="0" skipped="0">
  <reporter-output>
  </reporter-output>
  <suite started-at="2025-03-19T08:12:32Z" name="Default suite" finished-at="2025-03-19T08:12:48Z" duration-ms="16488">
    <groups>
    </groups>
    <test started-at="2025-03-19T08:12:32Z" name="Default test" finished-at="2025-03-19T08:12:48Z" duration-ms="16488">
      <class name="com.spotify2.test.PlaylistTest">
        <test-method signature="shouldBeAbletoCreateAPlaylist()[pri:0, instance:com.spotify2.test.PlaylistTest@75961f16]" started-at="2025-03-19T08:12:32Z" name="shouldBeAbletoCreateAPlaylist" description="Should be able to create a playlist" finished-at="2025-03-19T08:12:47Z" duration-ms="14668" status="PASS">
          <reporter-output>
          </reporter-output>
        </test-method> <!-- shouldBeAbletoCreateAPlaylist -->
        <test-method signature="shouldBeAbletoGetAPlaylist()[pri:0, instance:com.spotify2.test.PlaylistTest@75961f16]" started-at="2025-03-19T08:12:47Z" name="shouldBeAbletoGetAPlaylist" finished-at="2025-03-19T08:12:47Z" duration-ms="403" status="PASS">
          <reporter-output>
          </reporter-output>
        </test-method> <!-- shouldBeAbletoGetAPlaylist -->
        <test-method signature="shouldBeAbletoUpdateAPlaylist()[pri:0, instance:com.spotify2.test.PlaylistTest@75961f16]" started-at="2025-03-19T08:12:47Z" name="shouldBeAbletoUpdateAPlaylist" finished-at="2025-03-19T08:12:48Z" duration-ms="326" status="PASS">
          <reporter-output>
          </reporter-output>
        </test-method> <!-- shouldBeAbletoUpdateAPlaylist -->
        <test-method signature="shouldNotBeAbletoCreateAPlaylist()[pri:0, instance:com.spotify2.test.PlaylistTest@75961f16]" started-at="2025-03-19T08:12:48Z" name="shouldNotBeAbletoCreateAPlaylist" finished-at="2025-03-19T08:12:48Z" duration-ms="288" status="PASS">
          <reporter-output>
          </reporter-output>
        </test-method> <!-- shouldNotBeAbletoCreateAPlaylist -->
        <test-method signature="shouldNotBeAbletoCreateAPlaylistwithExpiredToken()[pri:0, instance:com.spotify2.test.PlaylistTest@75961f16]" started-at="2025-03-19T08:12:48Z" name="shouldNotBeAbletoCreateAPlaylistwithExpiredToken" finished-at="2025-03-19T08:12:48Z" duration-ms="236" status="PASS">
          <reporter-output>
          </reporter-output>
        </test-method> <!-- shouldNotBeAbletoCreateAPlaylistwithExpiredToken -->
      </class> <!-- com.spotify2.test.PlaylistTest -->
    </test> <!-- Default test -->
  </suite> <!-- Default suite -->
</testng-results>
