<?xml version="1.0" encoding="UTF-8"?>
<testng-results ignored="0" total="5" passed="5" failed="0" skipped="0">
  <reporter-output>
  </reporter-output>
  <suite started-at="2025-03-16T11:43:29Z" name="Default suite" finished-at="2025-03-16T11:43:36Z" duration-ms="7306">
    <groups>
    </groups>
    <test started-at="2025-03-16T11:43:29Z" name="Default test" finished-at="2025-03-16T11:43:36Z" duration-ms="7306">
      <class name="com.spotify2.test.PlaylistTest">
        <test-method signature="shouldBeAbletoCreateAPlaylist()[pri:0, instance:com.spotify2.test.PlaylistTest@1fac1d5c]" started-at="2025-03-16T11:43:29Z" name="shouldBeAbletoCreateAPlaylist" description="Should be able to create a playlist" finished-at="2025-03-16T11:43:35Z" duration-ms="5660" status="PASS">
          <reporter-output>
          </reporter-output>
        </test-method> <!-- shouldBeAbletoCreateAPlaylist -->
        <test-method signature="shouldBeAbletoGetAPlaylist()[pri:0, instance:com.spotify2.test.PlaylistTest@1fac1d5c]" started-at="2025-03-16T11:43:35Z" name="shouldBeAbletoGetAPlaylist" finished-at="2025-03-16T11:43:35Z" duration-ms="349" status="PASS">
          <reporter-output>
          </reporter-output>
        </test-method> <!-- shouldBeAbletoGetAPlaylist -->
        <test-method signature="shouldBeAbletoUpdateAPlaylist()[pri:0, instance:com.spotify2.test.PlaylistTest@1fac1d5c]" started-at="2025-03-16T11:43:35Z" name="shouldBeAbletoUpdateAPlaylist" finished-at="2025-03-16T11:43:35Z" duration-ms="410" status="PASS">
          <reporter-output>
          </reporter-output>
        </test-method> <!-- shouldBeAbletoUpdateAPlaylist -->
        <test-method signature="shouldNotBeAbletoCreateAPlaylist()[pri:0, instance:com.spotify2.test.PlaylistTest@1fac1d5c]" started-at="2025-03-16T11:43:35Z" name="shouldNotBeAbletoCreateAPlaylist" finished-at="2025-03-16T11:43:36Z" duration-ms="360" status="PASS">
          <reporter-output>
          </reporter-output>
        </test-method> <!-- shouldNotBeAbletoCreateAPlaylist -->
        <test-method signature="shouldNotBeAbletoCreateAPlaylistwithExpiredToken()[pri:0, instance:com.spotify2.test.PlaylistTest@1fac1d5c]" started-at="2025-03-16T11:43:36Z" name="shouldNotBeAbletoCreateAPlaylistwithExpiredToken" finished-at="2025-03-16T11:43:36Z" duration-ms="315" status="PASS">
          <reporter-output>
          </reporter-output>
        </test-method> <!-- shouldNotBeAbletoCreateAPlaylistwithExpiredToken -->
      </class> <!-- com.spotify2.test.PlaylistTest -->
    </test> <!-- Default test -->
  </suite> <!-- Default suite -->
</testng-results>
